<?xml version="1.0" encoding="UTF-8"?>
<!-- Generated by org.testng.reporters.JUnitXMLReporter -->
<testsuite hostname="david-xubuntu" name="CreateTestWithSteps" tests="4" failures="0" timestamp="8 May 2016 19:22:12 GMT" time="0.037" errors="0">
  <testcase name="" time="0.001" classname="com.david.simple_testing.modelTests.CreateTestWithSteps"/>
  <testcase name="" time="0.002" classname="com.david.simple_testing.modelTests.CreateTestWithSteps"/>
  <testcase name="" time="0.001" classname="com.david.simple_testing.modelTests.CreateTestWithSteps"/>
  <testcase name="" time="0.0" classname="com.david.simple_testing.modelTests.CreateTestWithSteps"/>
</testsuite> <!-- CreateTestWithSteps -->
