<?xml version="1.0" encoding="UTF-8"?>
<!-- Generated by org.testng.reporters.JUnitXMLReporter -->
<testsuite hostname="david-xubuntu" name="DatabaseConnectionTest" tests="4" failures="0" timestamp="8 May 2016 19:22:13 GMT" time="0.319" errors="0">
  <testcase name="" time="0.299" classname="com.david.simple_testing.utilitiesTests.DatabaseConnectionTest"/>
  <testcase name="" time="0.007" classname="com.david.simple_testing.utilitiesTests.DatabaseConnectionTest"/>
  <testcase name="" time="0.004" classname="com.david.simple_testing.utilitiesTests.DatabaseConnectionTest"/>
  <testcase name="" time="0.0" classname="com.david.simple_testing.utilitiesTests.DatabaseConnectionTest"/>
</testsuite> <!-- DatabaseConnectionTest -->
