<?xml version="1.0" encoding="UTF-8"?>
<testng-results skipped="0" failed="0" total="8" passed="8">
  <reporter-output>
  </reporter-output>
  <suite name="Suite" duration-ms="394" started-at="2016-05-08T19:22:12Z" finished-at="2016-05-08T19:22:13Z">
    <groups>
    </groups>
    <test name="CreateTestWithSteps" duration-ms="37" started-at="2016-05-08T19:22:12Z" finished-at="2016-05-08T19:22:12Z">
      <class name="com.david.simple_testing.modelTests.CreateTestWithSteps">
        <test-method status="PASS" signature="testSetup()[pri:0, instance:com.david.simple_testing.modelTests.CreateTestWithSteps@2ff4f00f]" test-instance-name="" name="testSetup" is-config="true" duration-ms="17" started-at="2016-05-08T20:22:12Z" finished-at="2016-05-08T20:22:12Z">
          <reporter-output>
          </reporter-output>
        </test-method> <!-- testSetup -->
        <test-method status="PASS" signature="createTest()[pri:0, instance:com.david.simple_testing.modelTests.CreateTestWithSteps@2ff4f00f]" test-instance-name="" name="createTest" duration-ms="1" started-at="2016-05-08T20:22:12Z" finished-at="2016-05-08T20:22:12Z">
          <reporter-output>
          </reporter-output>
        </test-method> <!-- createTest -->
        <test-method status="PASS" signature="checkTestDescription()[pri:0, instance:com.david.simple_testing.modelTests.CreateTestWithSteps@2ff4f00f]" test-instance-name="" name="checkTestDescription" duration-ms="2" started-at="2016-05-08T20:22:12Z" depends-on-methods="com.david.simple_testing.modelTests.CreateTestWithSteps.createTest" finished-at="2016-05-08T20:22:12Z">
          <reporter-output>
          </reporter-output>
        </test-method> <!-- checkTestDescription -->
        <test-method status="PASS" signature="checkTestName()[pri:0, instance:com.david.simple_testing.modelTests.CreateTestWithSteps@2ff4f00f]" test-instance-name="" name="checkTestName" duration-ms="1" started-at="2016-05-08T20:22:12Z" depends-on-methods="com.david.simple_testing.modelTests.CreateTestWithSteps.createTest" finished-at="2016-05-08T20:22:12Z">
          <reporter-output>
          </reporter-output>
        </test-method> <!-- checkTestName -->
        <test-method status="PASS" signature="checkTestSteps()[pri:0, instance:com.david.simple_testing.modelTests.CreateTestWithSteps@2ff4f00f]" test-instance-name="" name="checkTestSteps" duration-ms="0" started-at="2016-05-08T20:22:12Z" depends-on-methods="com.david.simple_testing.modelTests.CreateTestWithSteps.createTest" finished-at="2016-05-08T20:22:12Z">
          <reporter-output>
          </reporter-output>
        </test-method> <!-- checkTestSteps -->
        <test-method status="PASS" signature="testCleanup()[pri:0, instance:com.david.simple_testing.modelTests.CreateTestWithSteps@2ff4f00f]" test-instance-name="" name="testCleanup" is-config="true" duration-ms="1" started-at="2016-05-08T20:22:12Z" finished-at="2016-05-08T20:22:12Z">
          <reporter-output>
          </reporter-output>
        </test-method> <!-- testCleanup -->
      </class> <!-- com.david.simple_testing.modelTests.CreateTestWithSteps -->
    </test> <!-- CreateTestWithSteps -->
    <test name="DatabaseConnectionTest" duration-ms="319" started-at="2016-05-08T19:22:12Z" finished-at="2016-05-08T19:22:13Z">
      <class name="com.david.simple_testing.utilitiesTests.DatabaseConnectionTest">
        <test-method status="PASS" signature="testSetup()[pri:0, instance:com.david.simple_testing.utilitiesTests.DatabaseConnectionTest@2133c8f8]" test-instance-name="" name="testSetup" is-config="true" duration-ms="1" started-at="2016-05-08T20:22:12Z" finished-at="2016-05-08T20:22:12Z">
          <reporter-output>
          </reporter-output>
        </test-method> <!-- testSetup -->
        <test-method status="PASS" signature="testDatabaseConnection()[pri:0, instance:com.david.simple_testing.utilitiesTests.DatabaseConnectionTest@2133c8f8]" test-instance-name="" name="testDatabaseConnection" duration-ms="299" started-at="2016-05-08T20:22:12Z" finished-at="2016-05-08T20:22:13Z">
          <reporter-output>
          </reporter-output>
        </test-method> <!-- testDatabaseConnection -->
        <test-method status="PASS" signature="testDatabaseKeepConnectionOpen()[pri:0, instance:com.david.simple_testing.utilitiesTests.DatabaseConnectionTest@2133c8f8]" test-instance-name="" name="testDatabaseKeepConnectionOpen" duration-ms="7" started-at="2016-05-08T20:22:13Z" depends-on-methods="com.david.simple_testing.utilitiesTests.DatabaseConnectionTest.testDatabaseConnection" finished-at="2016-05-08T20:22:13Z">
          <reporter-output>
          </reporter-output>
        </test-method> <!-- testDatabaseKeepConnectionOpen -->
        <test-method status="PASS" signature="testDatabaseRead()[pri:0, instance:com.david.simple_testing.utilitiesTests.DatabaseConnectionTest@2133c8f8]" test-instance-name="" name="testDatabaseRead" duration-ms="4" started-at="2016-05-08T20:22:13Z" depends-on-methods="com.david.simple_testing.utilitiesTests.DatabaseConnectionTest.testDatabaseKeepConnectionOpen" finished-at="2016-05-08T20:22:13Z">
          <reporter-output>
          </reporter-output>
        </test-method> <!-- testDatabaseRead -->
        <test-method status="PASS" signature="testDatabaseDisconnect()[pri:0, instance:com.david.simple_testing.utilitiesTests.DatabaseConnectionTest@2133c8f8]" test-instance-name="" name="testDatabaseDisconnect" duration-ms="0" started-at="2016-05-08T20:22:13Z" depends-on-methods="com.david.simple_testing.utilitiesTests.DatabaseConnectionTest.testDatabaseRead" finished-at="2016-05-08T20:22:13Z">
          <reporter-output>
          </reporter-output>
        </test-method> <!-- testDatabaseDisconnect -->
        <test-method status="PASS" signature="testCleanup()[pri:0, instance:com.david.simple_testing.utilitiesTests.DatabaseConnectionTest@2133c8f8]" test-instance-name="" name="testCleanup" is-config="true" duration-ms="0" started-at="2016-05-08T20:22:13Z" finished-at="2016-05-08T20:22:13Z">
          <reporter-output>
          </reporter-output>
        </test-method> <!-- testCleanup -->
      </class> <!-- com.david.simple_testing.utilitiesTests.DatabaseConnectionTest -->
    </test> <!-- DatabaseConnectionTest -->
  </suite> <!-- Suite -->
</testng-results>
